TN:
SF:src\app.ts
FN:24,buildApp
FN:35,(anonymous_1)
FN:49,(anonymous_2)
FN:53,(anonymous_3)
FN:64,(anonymous_4)
FN:96,initializePhase8Infrastructure
FNF:6
FNH:0
FNDA:0,buildApp
FNDA:0,(anonymous_1)
FNDA:0,(anonymous_2)
FNDA:0,(anonymous_3)
FNDA:0,(anonymous_4)
FNDA:0,initializePhase8Infrastructure
DA:26,0
DA:28,0
DA:31,0
DA:34,0
DA:35,0
DA:36,0
DA:38,0
DA:44,0
DA:51,0
DA:53,0
DA:60,0
DA:61,0
DA:62,0
DA:64,0
DA:65,0
DA:66,0
DA:67,0
DA:71,0
DA:75,0
DA:77,0
DA:78,0
DA:79,0
DA:82,0
DA:85,0
DA:87,0
DA:89,0
DA:97,0
DA:99,0
DA:102,0
DA:103,0
DA:104,0
DA:106,0
DA:108,0
LF:33
LH:0
BRDA:34,0,0,0
BRDA:34,0,1,0
BRDA:36,1,0,0
BRDA:36,1,1,0
BRDA:36,2,0,0
BRDA:36,2,1,0
BRDA:51,3,0,0
BRDA:51,3,1,0
BRF:8
BRH:0
end_of_record
TN:
SF:src\common\types.ts
FNF:0
FNH:0
LF:0
LH:0
BRF:0
BRH:0
end_of_record
TN:
SF:src\common\errors\app-error.ts
FN:6,(anonymous_0)
FNF:1
FNH:1
FNDA:3,(anonymous_0)
DA:7,3
DA:8,3
DA:9,3
DA:10,3
DA:11,3
LF:5
LH:5
BRDA:6,0,0,3
BRF:1
BRH:1
end_of_record
TN:
SF:src\common\errors\auth-error.ts
FN:4,(anonymous_0)
FNF:1
FNH:0
FNDA:0,(anonymous_0)
DA:5,0
DA:6,0
LF:2
LH:0
BRF:0
BRH:0
end_of_record
TN:
SF:src\common\errors\conflict-error.ts
FN:4,(anonymous_0)
FNF:1
FNH:0
FNDA:0,(anonymous_0)
DA:5,0
DA:6,0
LF:2
LH:0
BRF:0
BRH:0
end_of_record
TN:
SF:src\common\errors\external-service-error.ts
FN:4,(anonymous_0)
FNF:1
FNH:0
FNDA:0,(anonymous_0)
DA:5,0
DA:6,0
LF:2
LH:0
BRDA:4,0,0,0
BRF:1
BRH:0
end_of_record
TN:
SF:src\common\errors\forbidden-error.ts
FN:4,(anonymous_0)
FNF:1
FNH:1
FNDA:2,(anonymous_0)
DA:5,2
DA:6,2
LF:2
LH:2
BRDA:4,0,0,2
BRF:1
BRH:1
end_of_record
TN:
SF:src\common\errors\not-found-error.ts
FN:4,(anonymous_0)
FNF:1
FNH:0
FNDA:0,(anonymous_0)
DA:5,0
DA:6,0
LF:2
LH:0
BRF:0
BRH:0
end_of_record
TN:
SF:src\common\errors\validation-error.ts
FN:4,(anonymous_0)
FNF:1
FNH:0
FNDA:0,(anonymous_0)
DA:5,0
DA:6,0
LF:2
LH:0
BRF:0
BRH:0
end_of_record
TN:
SF:src\common\hooks\auth-context.hook.ts
FN:11,authContextHook
FNF:1
FNH:0
FNDA:0,authContextHook
DA:12,0
DA:13,0
LF:2
LH:0
BRDA:12,0,0,0
BRDA:12,0,1,0
BRF:2
BRH:0
end_of_record
TN:
SF:src\common\hooks\auth.hook.ts
FN:5,authenticate
FNF:1
FNH:0
FNDA:0,authenticate
DA:6,0
DA:7,0
DA:9,0
LF:3
LH:0
BRF:0
BRH:0
end_of_record
TN:
SF:src\common\hooks\request-id.hook.ts
FN:3,requestIdHook
FNF:1
FNH:0
FNDA:0,requestIdHook
DA:4,0
LF:1
LH:0
BRF:0
BRH:0
end_of_record
TN:
SF:src\common\hooks\response-time.hook.ts
FN:3,responseTimeHook
FNF:1
FNH:0
FNDA:0,responseTimeHook
DA:4,0
LF:1
LH:0
BRF:0
BRH:0
end_of_record
TN:
SF:src\common\hooks\role.hook.ts
FN:8,requireRole
FN:9,(anonymous_1)
FN:23,hasRole
FN:31,hasAnyRole
FN:39,isApprover
FN:46,canAnalyze
FN:53,canPublishVerdicts
FNF:7
FNH:5
FNDA:10,requireRole
FNDA:0,(anonymous_1)
FNDA:0,hasRole
FNDA:14,hasAnyRole
FNDA:3,isApprover
FNDA:3,canAnalyze
FNDA:8,canPublishVerdicts
DA:9,10
DA:10,0
DA:11,0
DA:14,0
DA:15,0
DA:24,0
DA:25,0
DA:32,14
DA:33,14
DA:40,3
DA:47,3
DA:54,8
LF:12
LH:6
BRDA:10,0,0,0
BRDA:10,0,1,0
BRDA:14,1,0,0
BRDA:14,1,1,0
BRDA:24,2,0,0
BRDA:24,2,1,0
BRDA:32,3,0,0
BRDA:32,3,1,14
BRF:8
BRH:1
end_of_record
TN:
SF:src\common\responses\api-response.ts
FN:10,createApiResponse
FNF:1
FNH:0
FNDA:0,createApiResponse
DA:11,0
LF:1
LH:0
BRDA:10,0,0,0
BRDA:10,1,0,0
BRF:2
BRH:0
end_of_record
TN:
SF:src\common\responses\error-response.ts
FN:16,createErrorResponse
FNF:1
FNH:0
FNDA:0,createErrorResponse
DA:17,0
LF:1
LH:0
BRDA:16,0,0,0
BRDA:16,1,0,0
BRF:2
BRH:0
end_of_record
TN:
SF:src\common\responses\paginated-response.ts
FN:9,createPaginatedResponse
FNF:1
FNH:0
FNDA:0,createPaginatedResponse
DA:15,0
LF:1
LH:0
BRF:0
BRH:0
end_of_record
TN:
SF:src\common\system\graceful-shutdown.ts
FN:8,registerGracefulShutdown
FN:9,shutdown
FN:65,(anonymous_2)
FN:66,(anonymous_3)
FNF:4
FNH:0
FNDA:0,registerGracefulShutdown
FNDA:0,shutdown
FNDA:0,(anonymous_2)
FNDA:0,(anonymous_3)
DA:6,0
DA:10,0
DA:11,0
DA:12,0
DA:14,0
DA:15,0
DA:16,0
DA:17,0
DA:18,0
DA:20,0
DA:24,0
DA:25,0
DA:26,0
DA:28,0
DA:31,0
DA:32,0
DA:33,0
DA:35,0
DA:38,0
DA:39,0
DA:40,0
DA:42,0
DA:45,0
DA:46,0
DA:47,0
DA:48,0
DA:49,0
DA:50,0
DA:51,0
DA:54,0
DA:57,0
DA:58,0
DA:60,0
DA:61,0
DA:65,0
DA:66,0
LF:36
LH:0
BRDA:10,0,0,0
BRDA:10,0,1,0
BRDA:15,1,0,0
BRDA:15,1,1,0
BRDA:48,2,0,0
BRDA:48,2,1,0
BRDA:48,3,0,0
BRDA:48,3,1,0
BRDA:50,4,0,0
BRDA:50,4,1,0
BRDA:50,5,0,0
BRDA:50,5,1,0
BRF:12
BRH:0
end_of_record
TN:
SF:src\common\types\auth.ts
FNF:0
FNH:0
DA:1,0
LF:1
LH:0
BRF:0
BRH:0
end_of_record
TN:
SF:src\common\types\request.ts
FNF:0
FNH:0
LF:0
LH:0
BRF:0
BRH:0
end_of_record
TN:
SF:src\common\utils\date.ts
FN:1,toIsoString
FNF:1
FNH:0
FNDA:0,toIsoString
DA:2,0
LF:1
LH:0
BRF:0
BRH:0
end_of_record
TN:
SF:src\common\utils\hashing.ts
FN:5,hashPassword
FN:9,comparePassword
FNF:2
FNH:0
FNDA:0,hashPassword
FNDA:0,comparePassword
DA:6,0
DA:10,0
LF:2
LH:0
BRF:0
BRH:0
end_of_record
TN:
SF:src\common\utils\pagination.ts
FN:1,getPaginationOffset
FNF:1
FNH:0
FNDA:0,getPaginationOffset
DA:2,0
LF:1
LH:0
BRF:0
BRH:0
end_of_record
TN:
SF:src\common\utils\permissions.ts
FN:3,hasRole
FN:8,hasPermission
FN:10,(anonymous_2)
FNF:3
FNH:0
FNDA:0,hasRole
FNDA:0,hasPermission
FNDA:0,(anonymous_2)
DA:4,0
DA:5,0
DA:9,0
DA:10,0
LF:4
LH:0
BRDA:4,0,0,0
BRDA:4,0,1,0
BRDA:8,1,0,0
BRDA:9,2,0,0
BRDA:9,2,1,0
BRF:5
BRH:0
end_of_record
TN:
SF:src\common\utils\sanitize.ts
FN:8,stripTagsKeepText
FN:20,sanitizeString
FN:26,sanitizeUrl
FN:51,sanitizePayload
FN:55,(anonymous_4)
FNF:5
FNH:0
FNDA:0,stripTagsKeepText
FNDA:0,sanitizeString
FNDA:0,sanitizeUrl
FNDA:0,sanitizePayload
FNDA:0,(anonymous_4)
DA:9,0
DA:11,0
DA:13,0
DA:14,0
DA:16,0
DA:17,0
DA:21,0
DA:22,0
DA:23,0
DA:27,0
DA:28,0
DA:30,0
DA:32,0
DA:33,0
DA:34,0
DA:36,0
DA:38,0
DA:40,0
DA:42,0
DA:44,0
DA:52,0
DA:53,0
DA:54,0
DA:55,0
DA:56,0
DA:57,0
DA:58,0
DA:59,0
DA:60,0
DA:62,0
DA:64,0
LF:31
LH:0
BRDA:9,0,0,0
BRDA:9,0,1,0
BRDA:21,1,0,0
BRDA:21,1,1,0
BRDA:21,2,0,0
BRDA:21,2,1,0
BRDA:27,3,0,0
BRDA:27,3,1,0
BRDA:30,4,0,0
BRDA:30,4,1,0
BRDA:34,5,0,0
BRDA:34,5,1,0
BRDA:34,6,0,0
BRDA:34,6,1,0
BRDA:34,6,2,0
BRDA:34,6,3,0
BRDA:36,7,0,0
BRDA:36,7,1,0
BRDA:52,8,0,0
BRDA:52,8,1,0
BRDA:52,9,0,0
BRDA:52,9,1,0
BRDA:53,10,0,0
BRDA:53,10,1,0
BRDA:54,11,0,0
BRDA:54,11,1,0
BRDA:54,12,0,0
BRDA:54,12,1,0
BRDA:55,13,0,0
BRDA:55,13,1,0
BRDA:56,14,0,0
BRDA:56,14,1,0
BRDA:59,15,0,0
BRDA:59,15,1,0
BRF:34
BRH:0
end_of_record
TN:
SF:src\common\utils\slug.ts
FN:1,toSlug
FNF:1
FNH:0
FNDA:0,toSlug
DA:2,0
LF:1
LH:0
BRF:0
BRH:0
end_of_record
TN:
SF:src\common\utils\validation.ts
FN:3,formatZodErrors
FN:5,(anonymous_1)
FNF:2
FNH:0
FNDA:0,formatZodErrors
FNDA:0,(anonymous_1)
DA:4,0
DA:5,0
DA:9,0
LF:3
LH:0
BRDA:4,0,0,0
BRDA:4,0,1,0
BRDA:5,1,0,0
BRDA:5,1,1,0
BRF:4
BRH:0
end_of_record
TN:
SF:src\common\workflow\state-machine.ts
FN:25,canTransition
FN:32,assertTransition
FN:45,getValidNextStates
FNF:3
FNH:3
FNDA:6,canTransition
FNDA:1,assertTransition
FNDA:1,getValidNextStates
DA:10,5
DA:26,6
DA:33,1
DA:34,1
DA:46,1
LF:5
LH:5
BRDA:26,0,0,6
BRDA:26,0,1,0
BRDA:33,1,0,1
BRDA:33,1,1,0
BRDA:46,2,0,1
BRDA:46,2,1,0
BRF:6
BRH:3
end_of_record
TN:
SF:src\integrations\source-ingestion.service.ts
FN:18,ingestSourcesForClaim
FNF:1
FNH:0
FNDA:0,ingestSourcesForClaim
DA:19,0
DA:22,0
DA:23,0
DA:24,0
DA:27,0
DA:35,0
DA:37,0
DA:38,0
DA:39,0
DA:40,0
DA:41,0
DA:42,0
DA:48,0
DA:51,0
DA:52,0
DA:54,0
DA:55,0
DA:56,0
DA:57,0
DA:58,0
DA:59,0
DA:60,0
DA:61,0
DA:64,0
DA:65,0
DA:67,0
DA:70,0
DA:75,0
DA:77,0
DA:78,0
DA:79,0
DA:81,0
DA:92,0
DA:93,0
DA:94,0
DA:96,0
DA:97,0
DA:100,0
DA:101,0
DA:106,0
DA:109,0
DA:110,0
DA:112,0
DA:115,0
LF:44
LH:0
BRDA:19,0,0,0
BRDA:24,1,0,0
BRDA:24,1,1,0
BRDA:39,2,0,0
BRDA:39,2,1,0
BRDA:41,3,0,0
BRDA:41,3,1,0
BRDA:41,4,0,0
BRDA:41,4,1,0
BRDA:41,4,2,0
BRDA:57,5,0,0
BRDA:57,5,1,0
BRDA:57,5,2,0
BRDA:58,6,0,0
BRDA:58,6,1,0
BRDA:60,7,0,0
BRDA:60,7,1,0
BRDA:64,8,0,0
BRDA:64,8,1,0
BRDA:65,9,0,0
BRDA:65,9,1,0
BRDA:83,10,0,0
BRDA:83,10,1,0
BRDA:93,11,0,0
BRDA:93,11,1,0
BRF:25
BRH:0
end_of_record
TN:
SF:src\integrations\source-normalizer.service.ts
FN:12,mapProviderToSourceType
FN:22,sanitizeText
FN:32,normalizeExternalSource
FN:52,toEvidenceInput
FNF:4
FNH:0
FNDA:0,mapProviderToSourceType
FNDA:0,sanitizeText
FNDA:0,normalizeExternalSource
FNDA:0,toEvidenceInput
DA:13,0
DA:14,0
DA:15,0
DA:16,0
DA:17,0
DA:18,0
DA:19,0
DA:23,0
DA:24,0
DA:25,0
DA:26,0
DA:28,0
DA:34,0
DA:35,0
DA:36,0
DA:37,0
DA:38,0
DA:40,0
DA:42,0
DA:53,0
LF:20
LH:0
BRDA:13,0,0,0
BRDA:13,0,1,0
BRDA:15,1,0,0
BRDA:15,1,1,0
BRDA:15,2,0,0
BRDA:15,2,1,0
BRDA:15,2,2,0
BRDA:16,3,0,0
BRDA:16,3,1,0
BRDA:16,4,0,0
BRDA:16,4,1,0
BRDA:16,4,2,0
BRDA:16,4,3,0
BRDA:17,5,0,0
BRDA:17,5,1,0
BRDA:17,6,0,0
BRDA:17,6,1,0
BRDA:17,6,2,0
BRDA:18,7,0,0
BRDA:18,7,1,0
BRDA:23,8,0,0
BRDA:23,8,1,0
BRDA:23,9,0,0
BRDA:23,9,1,0
BRDA:24,10,0,0
BRDA:24,10,1,0
BRDA:34,11,0,0
BRDA:34,11,1,0
BRDA:34,11,2,0
BRDA:34,11,3,0
BRDA:35,12,0,0
BRDA:35,12,1,0
BRDA:35,12,2,0
BRDA:35,12,3,0
BRDA:36,13,0,0
BRDA:36,13,1,0
BRDA:36,13,2,0
BRDA:36,13,3,0
BRDA:37,14,0,0
BRDA:37,14,1,0
BRDA:38,15,0,0
BRDA:38,15,1,0
BRDA:38,15,2,0
BRDA:38,15,3,0
BRDA:38,15,4,0
BRDA:57,16,0,0
BRDA:57,16,1,0
BRF:47
BRH:0
end_of_record
TN:
SF:src\integrations\cache\cache.service.ts
FN:7,cacheGet
FN:29,cacheSet
FN:49,cacheDel
FNF:3
FNH:0
FNDA:0,cacheGet
FNDA:0,cacheSet
FNDA:0,cacheDel
DA:5,2
DA:8,0
DA:9,0
DA:10,0
DA:11,0
DA:12,0
DA:13,0
DA:14,0
DA:15,0
DA:17,0
DA:20,0
DA:21,0
DA:22,0
DA:24,0
DA:25,0
DA:30,0
DA:31,0
DA:32,0
DA:33,0
DA:34,0
DA:35,0
DA:36,0
DA:39,0
DA:40,0
DA:42,0
DA:45,0
DA:50,0
DA:51,0
DA:52,0
DA:53,0
DA:54,0
DA:56,0
DA:58,0
LF:33
LH:1
BRDA:10,0,0,0
BRDA:10,0,1,0
BRDA:12,1,0,0
BRDA:12,1,1,0
BRDA:13,2,0,0
BRDA:13,2,1,0
BRDA:13,3,0,0
BRDA:13,3,1,0
BRDA:21,4,0,0
BRDA:21,4,1,0
BRDA:29,5,0,0
BRDA:33,6,0,0
BRDA:33,6,1,0
BRDA:34,7,0,0
BRDA:34,7,1,0
BRDA:39,8,0,0
BRDA:39,8,1,0
BRDA:52,9,0,0
BRDA:52,9,1,0
BRF:19
BRH:0
end_of_record
TN:
SF:src\integrations\cache\enhanced-cache.service.ts
FN:16,cacheGetWithMetrics
FN:51,cacheSetWithTtl
FN:78,cacheDel
FN:95,cacheInvalidatePattern
FN:124,matchPattern
FN:133,warmCache
FNF:6
FNH:0
FNDA:0,cacheGetWithMetrics
FNDA:0,cacheSetWithTtl
FNDA:0,cacheDel
FNDA:0,cacheInvalidatePattern
FNDA:0,matchPattern
FNDA:0,warmCache
DA:11,0
DA:17,0
DA:18,0
DA:19,0
DA:20,0
DA:21,0
DA:22,0
DA:23,0
DA:25,0
DA:26,0
DA:27,0
DA:28,0
DA:30,0
DA:31,0
DA:34,0
DA:35,0
DA:36,0
DA:37,0
DA:39,0
DA:40,0
DA:42,0
DA:43,0
DA:44,0
DA:56,0
DA:57,0
DA:58,0
DA:59,0
DA:60,0
DA:61,0
DA:62,0
DA:65,0
DA:66,0
DA:68,0
DA:71,0
DA:79,0
DA:80,0
DA:81,0
DA:82,0
DA:83,0
DA:85,0
DA:87,0
DA:96,0
DA:97,0
DA:98,0
DA:100,0
DA:101,0
DA:102,0
DA:103,0
DA:104,0
DA:107,0
DA:110,0
DA:111,0
DA:113,0
DA:114,0
DA:116,0
DA:117,0
DA:125,0
DA:126,0
DA:136,0
LF:59
LH:0
BRDA:16,0,0,0
BRDA:19,1,0,0
BRDA:19,1,1,0
BRDA:21,2,0,0
BRDA:21,2,1,0
BRDA:25,3,0,0
BRDA:25,3,1,0
BRDA:25,4,0,0
BRDA:25,4,1,0
BRDA:35,5,0,0
BRDA:35,5,1,0
BRDA:54,6,0,0
BRDA:59,7,0,0
BRDA:59,7,1,0
BRDA:60,8,0,0
BRDA:60,8,1,0
BRDA:65,9,0,0
BRDA:65,9,1,0
BRDA:81,10,0,0
BRDA:81,10,1,0
BRDA:98,11,0,0
BRDA:98,11,1,0
BRDA:102,12,0,0
BRDA:102,12,1,0
BRDA:111,13,0,0
BRDA:111,13,1,0
BRF:26
BRH:0
end_of_record
TN:
SF:src\integrations\cache\redis.client.ts
FN:11,createRedisClient
FN:14,(anonymous_1)
FN:19,getRedisClient
FNF:3
FNH:0
FNDA:0,createRedisClient
FNDA:0,(anonymous_1)
FNDA:0,getRedisClient
DA:1,2
DA:2,2
DA:4,2
DA:6,2
DA:8,0
DA:12,0
DA:13,0
DA:14,0
DA:15,0
DA:16,0
DA:20,0
DA:21,0
DA:22,0
LF:13
LH:4
BRDA:12,0,0,0
BRDA:12,0,1,0
BRDA:13,1,0,0
BRDA:13,1,1,0
BRDA:20,2,0,0
BRDA:20,2,1,0
BRF:6
BRH:0
end_of_record
TN:
SF:src\integrations\gnews\gnews.service.ts
FN:5,fetchGNews
FN:17,(anonymous_1)
FNF:2
FNH:0
FNDA:0,fetchGNews
FNDA:0,(anonymous_1)
DA:3,2
DA:6,0
DA:7,0
DA:8,0
DA:11,0
DA:13,0
DA:15,0
DA:17,0
DA:25,0
LF:9
LH:1
BRDA:5,0,0,0
BRDA:7,1,0,0
BRDA:7,1,1,0
BRDA:15,2,0,0
BRDA:15,2,1,0
BRDA:17,3,0,0
BRDA:17,3,1,0
BRDA:19,4,0,0
BRDA:19,4,1,0
BRDA:19,4,2,0
BRDA:20,5,0,0
BRDA:20,5,1,0
BRF:12
BRH:0
end_of_record
TN:
SF:src\integrations\http\source-http.client.ts
FN:16,sleep
FN:17,(anonymous_1)
FN:20,fetchWithRetry
FN:36,(anonymous_3)
FN:43,(anonymous_4)
FNF:5
FNH:0
FNDA:0,sleep
FNDA:0,(anonymous_1)
FNDA:0,fetchWithRetry
FNDA:0,(anonymous_3)
FNDA:0,(anonymous_4)
DA:17,0
DA:25,0
DA:26,0
DA:27,0
DA:29,0
DA:30,0
DA:32,0
DA:33,0
DA:34,0
DA:35,0
DA:36,0
DA:38,0
DA:39,0
DA:40,0
DA:42,0
DA:43,0
DA:45,0
DA:46,0
DA:47,0
DA:48,0
DA:50,0
DA:53,0
DA:55,0
DA:56,0
DA:64,0
DA:66,0
DA:67,0
DA:70,0
DA:71,0
DA:74,0
DA:75,0
DA:79,0
LF:32
LH:0
BRDA:22,0,0,0
BRDA:23,1,0,0
BRDA:25,2,0,0
BRDA:25,2,1,0
BRDA:26,3,0,0
BRDA:26,3,1,0
BRDA:27,4,0,0
BRDA:27,4,1,0
BRDA:48,5,0,0
BRDA:48,5,1,0
BRDA:53,6,0,0
BRDA:53,6,1,0
BRDA:55,7,0,0
BRDA:55,7,1,0
BRDA:59,8,0,0
BRDA:59,8,1,0
BRDA:59,9,0,0
BRDA:59,9,1,0
BRDA:70,10,0,0
BRDA:70,10,1,0
BRDA:71,11,0,0
BRDA:71,11,1,0
BRDA:82,12,0,0
BRDA:82,12,1,0
BRF:24
BRH:0
end_of_record
TN:
SF:src\integrations\newsapi\newsapi.service.ts
FN:5,fetchNewsApiArticles
FN:18,(anonymous_1)
FNF:2
FNH:0
FNDA:0,fetchNewsApiArticles
FNDA:0,(anonymous_1)
DA:3,2
DA:6,0
DA:7,0
DA:8,0
DA:11,0
DA:13,0
DA:15,0
DA:18,0
DA:26,0
LF:9
LH:1
BRDA:5,0,0,0
BRDA:7,1,0,0
BRDA:7,1,1,0
BRDA:15,2,0,0
BRDA:15,2,1,0
BRDA:18,3,0,0
BRDA:18,3,1,0
BRDA:20,4,0,0
BRDA:20,4,1,0
BRDA:20,4,2,0
BRDA:21,5,0,0
BRDA:21,5,1,0
BRDA:21,5,2,0
BRF:13
BRH:0
end_of_record
TN:
SF:src\integrations\reddit\reddit.service.ts
FN:5,fetchRedditPosts
FN:12,(anonymous_1)
FNF:2
FNH:0
FNDA:0,fetchRedditPosts
FNDA:0,(anonymous_1)
DA:3,2
DA:7,0
DA:8,0
DA:10,0
DA:12,0
DA:13,0
DA:14,0
DA:23,0
LF:8
LH:1
BRDA:5,0,0,0
BRDA:10,1,0,0
BRDA:10,1,1,0
BRDA:12,2,0,0
BRDA:12,2,1,0
BRDA:13,3,0,0
BRDA:13,3,1,0
BRDA:16,4,0,0
BRDA:16,4,1,0
BRDA:16,4,2,0
BRDA:17,5,0,0
BRDA:17,5,1,0
BRDA:17,5,2,0
BRDA:18,6,0,0
BRDA:18,6,1,0
BRF:15
BRH:0
end_of_record
TN:
SF:src\integrations\wikipedia\wikipedia.service.ts
FN:5,fetchWikipediaSummary
FNF:1
FNH:0
FNDA:0,fetchWikipediaSummary
DA:3,2
DA:7,0
DA:8,0
DA:9,0
DA:11,0
DA:12,0
DA:14,0
DA:15,0
DA:16,0
DA:18,0
DA:19,0
DA:27,0
LF:12
LH:1
BRDA:9,0,0,0
BRDA:9,0,1,0
BRDA:12,1,0,0
BRDA:12,1,1,0
BRDA:16,2,0,0
BRDA:16,2,1,0
BRDA:18,3,0,0
BRDA:18,3,1,0
BRDA:21,4,0,0
BRDA:21,4,1,0
BRDA:21,4,2,0
BRDA:23,5,0,0
BRDA:23,5,1,0
BRDA:24,6,0,0
BRDA:24,6,1,0
BRF:15
BRH:0
end_of_record
TN:
SF:src\integrations\youtube\youtube.service.ts
FN:5,fetchYouTubeVideos
FN:16,(anonymous_1)
FN:29,fetchYouTubeTranscript
FNF:3
FNH:0
FNDA:0,fetchYouTubeVideos
FNDA:0,(anonymous_1)
FNDA:0,fetchYouTubeTranscript
DA:3,2
DA:6,0
DA:7,0
DA:8,0
DA:11,0
DA:12,0
DA:14,0
DA:16,0
DA:25,0
DA:31,0
DA:32,0
DA:33,0
DA:34,0
DA:35,0
DA:36,0
DA:37,0
DA:43,0
LF:17
LH:1
BRDA:5,0,0,0
BRDA:7,1,0,0
BRDA:7,1,1,0
BRDA:14,2,0,0
BRDA:14,2,1,0
BRDA:16,3,0,0
BRDA:16,3,1,0
BRDA:34,4,0,0
BRDA:34,4,1,0
BRDA:36,5,0,0
BRDA:36,5,1,0
BRDA:36,6,0,0
BRDA:36,6,1,0
BRDA:36,6,2,0
BRF:14
BRH:0
end_of_record
TN:
SF:src\jobs\bullmq.client.ts
FN:34,registerWorker
FN:38,closeWorkers
FN:57,initializeQueues
FN:85,getQueue
FN:97,enqueueJob
FN:116,closeQueues
FNF:6
FNH:0
FNDA:0,registerWorker
FNDA:0,closeWorkers
FNDA:0,initializeQueues
FNDA:0,getQueue
FNDA:0,enqueueJob
FNDA:0,closeQueues
DA:16,2
DA:29,2
DA:32,2
DA:35,0
DA:39,0
DA:40,0
DA:41,0
DA:42,0
DA:44,0
DA:47,0
DA:49,0
DA:58,0
DA:59,0
DA:60,0
DA:61,0
DA:62,0
DA:65,0
DA:67,0
DA:68,0
DA:73,0
DA:74,0
DA:77,0
DA:86,0
DA:87,0
DA:88,0
DA:89,0
DA:91,0
DA:98,0
DA:99,0
DA:100,0
DA:101,0
DA:102,0
DA:105,0
DA:106,0
DA:108,0
DA:109,0
DA:117,0
DA:118,0
DA:119,0
DA:121,0
DA:123,0
LF:41
LH:3
BRDA:35,0,0,0
BRDA:35,0,1,0
BRDA:60,1,0,0
BRDA:60,1,1,0
BRDA:87,2,0,0
BRDA:87,2,1,0
BRDA:100,3,0,0
BRDA:100,3,1,0
BRDA:106,4,0,0
BRDA:106,4,1,0
BRF:10
BRH:0
end_of_record
TN:
SF:src\jobs\queue.service.ts
FN:12,enqueueSourceFetch
FN:25,enqueueVerdictRecompute
FN:36,enqueueNotification
FN:55,enqueueTimelineRefresh
FN:66,enqueueEvidenceRescore
FNF:5
FNH:0
FNDA:0,enqueueSourceFetch
FNDA:0,enqueueVerdictRecompute
FNDA:0,enqueueNotification
FNDA:0,enqueueTimelineRefresh
FNDA:0,enqueueEvidenceRescore
DA:13,0
DA:26,0
DA:42,0
DA:56,0
DA:67,0
LF:5
LH:0
BRDA:16,0,0,0
BRDA:16,0,1,0
BRF:2
BRH:0
end_of_record
TN:
SF:src\jobs\workers\notification.worker.ts
FN:17,processNotification
FN:36,initializeNotificationWorker
FN:56,(anonymous_2)
FN:60,(anonymous_3)
FNF:4
FNH:0
FNDA:0,processNotification
FNDA:0,initializeNotificationWorker
FNDA:0,(anonymous_2)
FNDA:0,(anonymous_3)
DA:18,0
DA:20,0
DA:21,0
DA:26,0
DA:28,0
DA:29,0
DA:37,0
DA:38,0
DA:39,0
DA:40,0
DA:41,0
DA:44,0
DA:49,0
DA:50,0
DA:51,0
DA:56,0
DA:57,0
DA:60,0
DA:61,0
DA:64,0
DA:65,0
DA:67,0
DA:68,0
LF:23
LH:0
BRDA:39,0,0,0
BRDA:39,0,1,0
BRF:2
BRH:0
end_of_record
TN:
SF:src\jobs\workers\source-fetch.worker.ts
FN:16,processSourceFetch
FN:39,initializeSourceFetchWorker
FN:61,(anonymous_2)
FN:65,(anonymous_3)
FNF:4
FNH:0
FNDA:0,processSourceFetch
FNDA:0,initializeSourceFetchWorker
FNDA:0,(anonymous_2)
FNDA:0,(anonymous_3)
DA:17,0
DA:19,0
DA:21,0
DA:23,0
DA:26,0
DA:28,0
DA:30,0
DA:31,0
DA:40,0
DA:41,0
DA:42,0
DA:43,0
DA:44,0
DA:47,0
DA:53,0
DA:55,0
DA:56,0
DA:61,0
DA:62,0
DA:65,0
DA:66,0
DA:69,0
DA:70,0
DA:72,0
DA:73,0
LF:25
LH:0
BRDA:42,0,0,0
BRDA:42,0,1,0
BRF:2
BRH:0
end_of_record
TN:
SF:src\jobs\workers\verdict.worker.ts
FN:14,processVerdictRecompute
FN:36,initializeVerdictWorker
FN:56,(anonymous_2)
FN:60,(anonymous_3)
FNF:4
FNH:0
FNDA:0,processVerdictRecompute
FNDA:0,initializeVerdictWorker
FNDA:0,(anonymous_2)
FNDA:0,(anonymous_3)
DA:15,0
DA:17,0
DA:19,0
DA:21,0
DA:23,0
DA:25,0
DA:27,0
DA:28,0
DA:37,0
DA:38,0
DA:39,0
DA:40,0
DA:41,0
DA:44,0
DA:49,0
DA:50,0
DA:51,0
DA:56,0
DA:57,0
DA:60,0
DA:61,0
DA:64,0
DA:65,0
DA:67,0
DA:68,0
LF:25
LH:0
BRDA:39,0,0,0
BRDA:39,0,1,0
BRF:2
BRH:0
end_of_record
TN:
SF:src\modules\audit\controllers\index.ts
FNF:0
FNH:0
LF:0
LH:0
BRF:0
BRH:0
end_of_record
TN:
SF:src\modules\audit\repositories\index.ts
FNF:0
FNH:0
LF:0
LH:0
BRF:0
BRH:0
end_of_record
TN:
SF:src\modules\audit\routes\index.ts
FN:3,registerAuditRoutes
FNF:1
FNH:0
FNDA:0,registerAuditRoutes
LF:0
LH:0
BRF:0
BRH:0
end_of_record
TN:
SF:src\modules\audit\schemas\index.ts
FNF:0
FNH:0
LF:0
LH:0
BRF:0
BRH:0
end_of_record
TN:
SF:src\modules\audit\services\audit-log.service.ts
FN:30,log
FNF:1
FNH:0
FNDA:0,log
DA:31,0
DA:32,0
DA:46,0
LF:3
LH:0
BRDA:34,0,0,0
BRDA:34,0,1,0
BRF:2
BRH:0
end_of_record
TN:
SF:src\modules\audit\services\index.ts
FNF:0
FNH:0
LF:0
LH:0
BRF:0
BRH:0
end_of_record
TN:
SF:src\modules\audit\types\index.ts
FNF:0
FNH:0
LF:0
LH:0
BRF:0
BRH:0
end_of_record
TN:
SF:src\modules\claims\claims.controller.ts
FN:18,requireAuthenticatedUser
FN:26,(anonymous_1)
FN:37,(anonymous_2)
FN:47,(anonymous_3)
FN:57,(anonymous_4)
FN:69,(anonymous_5)
FNF:6
FNH:0
FNDA:0,requireAuthenticatedUser
FNDA:0,(anonymous_1)
FNDA:0,(anonymous_2)
FNDA:0,(anonymous_3)
FNDA:0,(anonymous_4)
FNDA:0,(anonymous_5)
DA:19,0
DA:20,0
DA:23,0
DA:26,2
DA:30,0
DA:31,0
DA:33,0
DA:34,0
DA:37,2
DA:41,0
DA:42,0
DA:44,0
DA:47,2
DA:51,0
DA:52,0
DA:54,0
DA:57,2
DA:61,0
DA:62,0
DA:63,0
DA:65,0
DA:66,0
DA:69,2
DA:73,0
DA:74,0
DA:76,0
DA:77,0
LF:27
LH:5
BRDA:19,0,0,0
BRDA:19,0,1,0
BRF:2
BRH:0
end_of_record
TN:
SF:src\modules\claims\claims.repository.ts
FN:27,createClaim
FN:42,findById
FN:48,findMany
FN:66,countMany
FN:75,updateClaim
FNF:5
FNH:0
FNDA:0,createClaim
FNDA:0,findById
FNDA:0,findMany
FNDA:0,countMany
FNDA:0,updateClaim
DA:32,0
DA:43,0
DA:53,0
DA:58,0
DA:67,0
DA:72,0
DA:80,0
LF:7
LH:0
BRDA:54,0,0,0
BRDA:54,0,1,0
BRDA:55,1,0,0
BRDA:55,1,1,0
BRDA:68,2,0,0
BRDA:68,2,1,0
BRDA:69,3,0,0
BRDA:69,3,1,0
BRF:8
BRH:0
end_of_record
TN:
SF:src\modules\claims\claims.routes.ts
FN:26,wrapSuccessResponse
FN:45,(anonymous_1)
FN:63,(anonymous_2)
FN:81,(anonymous_3)
FN:100,(anonymous_4)
FN:118,(anonymous_5)
FN:125,registerClaimsRoutes
FNF:7
FNH:0
FNDA:0,wrapSuccessResponse
FNDA:0,(anonymous_1)
FNDA:0,(anonymous_2)
FNDA:0,(anonymous_3)
FNDA:0,(anonymous_4)
FNDA:0,(anonymous_5)
FNDA:0,registerClaimsRoutes
DA:27,0
DA:30,2
DA:34,2
DA:49,0
DA:52,2
DA:67,0
DA:70,2
DA:85,0
DA:88,2
DA:104,0
DA:107,2
DA:122,0
DA:126,0
DA:127,0
DA:128,0
DA:129,0
DA:130,0
LF:17
LH:6
BRF:0
BRH:0
end_of_record
TN:
SF:src\modules\claims\claims.schema.ts
FN:29,(anonymous_0)
FNF:1
FNH:0
FNDA:0,(anonymous_0)
DA:3,2
DA:5,2
DA:22,2
DA:26,2
DA:29,0
DA:33,2
DA:37,2
DA:44,2
DA:52,2
DA:65,2
DA:74,2
DA:85,2
DA:100,2
LF:13
LH:12
BRDA:29,0,0,0
BRDA:29,0,1,0
BRF:2
BRH:0
end_of_record
TN:
SF:src\modules\claims\claims.service.ts
FN:35,assertOwner
FN:41,assertDraft
FN:49,createClaimService
FN:68,listClaimsService
FN:93,getClaimByIdService
FN:103,updateClaimService
FN:115,submitClaimService
FNF:7
FNH:0
FNDA:0,assertOwner
FNDA:0,assertDraft
FNDA:0,createClaimService
FNDA:0,listClaimsService
FNDA:0,getClaimByIdService
FNDA:0,updateClaimService
FNDA:0,submitClaimService
DA:36,0
DA:37,0
DA:42,0
DA:43,0
DA:50,0
DA:57,0
DA:65,0
DA:69,0
DA:74,0
DA:76,0
DA:85,0
DA:94,0
DA:96,0
DA:97,0
DA:100,0
DA:104,0
DA:106,0
DA:107,0
DA:109,0
DA:116,0
DA:118,0
DA:119,0
DA:121,0
DA:123,0
DA:131,0
LF:25
LH:0
BRDA:36,0,0,0
BRDA:36,0,1,0
BRDA:42,1,0,0
BRDA:42,1,1,0
BRDA:70,2,0,0
BRDA:70,2,1,0
BRDA:71,3,0,0
BRDA:71,3,1,0
BRDA:96,4,0,0
BRDA:96,4,1,0
BRDA:110,5,0,0
BRDA:110,5,1,0
BRDA:111,6,0,0
BRDA:111,6,1,0
BRF:14
BRH:0
end_of_record
TN:
SF:src\modules\comments\comments-policy.service.ts
FN:8,validateCreateCommentVisibility
FN:33,filterVisibleCommentsForRequester
FN:38,(anonymous_2)
FNF:3
FNH:0
FNDA:0,validateCreateCommentVisibility
FNDA:0,filterVisibleCommentsForRequester
FNDA:0,(anonymous_2)
DA:13,0
DA:15,0
DA:17,0
DA:18,0
DA:19,0
DA:22,0
DA:23,0
DA:24,0
DA:27,0
DA:28,0
DA:29,0
DA:38,0
DA:39,0
DA:40,0
DA:41,0
DA:42,0
DA:43,0
LF:17
LH:0
BRDA:15,0,0,0
BRDA:15,0,1,0
BRDA:17,1,0,0
BRDA:17,1,1,0
BRDA:18,2,0,0
BRDA:18,2,1,0
BRDA:18,3,0,0
BRDA:18,3,1,0
BRDA:18,3,2,0
BRDA:22,4,0,0
BRDA:22,4,1,0
BRDA:23,5,0,0
BRDA:23,5,1,0
BRDA:23,6,0,0
BRDA:23,6,1,0
BRDA:23,6,2,0
BRDA:27,7,0,0
BRDA:27,7,1,0
BRDA:28,8,0,0
BRDA:28,8,1,0
BRDA:28,9,0,0
BRDA:28,9,1,0
BRDA:39,10,0,0
BRDA:39,10,1,0
BRDA:40,11,0,0
BRDA:40,11,1,0
BRDA:41,12,0,0
BRDA:41,12,1,0
BRDA:41,13,0,0
BRDA:41,13,1,0
BRDA:41,13,2,0
BRDA:42,14,0,0
BRDA:42,14,1,0
BRDA:42,15,0,0
BRDA:42,15,1,0
BRF:35
BRH:0
end_of_record
TN:
SF:src\modules\comments\comments.controller.ts
FN:5,requireAuthenticatedUser
FN:13,(anonymous_1)
FN:21,(anonymous_2)
FN:30,(anonymous_3)
FN:39,(anonymous_4)
FNF:5
FNH:0
FNDA:0,requireAuthenticatedUser
FNDA:0,(anonymous_1)
FNDA:0,(anonymous_2)
FNDA:0,(anonymous_3)
FNDA:0,(anonymous_4)
DA:6,0
DA:7,0
DA:10,0
DA:13,0
DA:14,0
DA:15,0
DA:17,0
DA:18,0
DA:21,0
DA:22,0
DA:23,0
DA:24,0
DA:26,0
DA:27,0
DA:30,0
DA:31,0
DA:32,0
DA:33,0
DA:35,0
DA:36,0
DA:39,0
DA:40,0
DA:41,0
DA:43,0
DA:44,0
LF:25
LH:0
BRDA:6,0,0,0
BRDA:6,0,1,0
BRDA:26,1,0,0
BRDA:26,1,1,0
BRF:4
BRH:0
end_of_record
TN:
SF:src\modules\comments\comments.repository.ts
FN:13,createComment
FN:32,updateComment
FN:43,deleteComment
FN:47,findById
FN:52,listByClaim
FNF:5
FNH:0
FNDA:0,createComment
FNDA:0,updateComment
FNDA:0,deleteComment
FNDA:0,findById
FNDA:0,listByClaim
DA:19,0
DA:29,0
DA:33,0
DA:40,0
DA:44,0
DA:48,0
DA:49,0
DA:53,0
DA:60,0
LF:9
LH:0
BRDA:25,0,0,0
BRDA:25,0,1,0
BRDA:36,1,0,0
BRDA:36,1,1,0
BRDA:52,2,0,0
BRDA:56,3,0,0
BRDA:56,3,1,0
BRDA:57,4,0,0
BRDA:57,4,1,0
BRF:9
BRH:0
end_of_record
TN:
SF:src\modules\comments\comments.routes.ts
FN:10,registerCommentsRoutes
FNF:1
FNH:0
FNDA:0,registerCommentsRoutes
DA:12,0
DA:15,0
DA:18,0
DA:21,0
LF:4
LH:0
BRF:0
BRH:0
end_of_record
TN:
SF:src\modules\comments\comments.service.ts
FN:7,addComment
FN:40,updateComment
FN:68,deleteComment
FN:87,listComments
FN:92,(anonymous_4)
FNF:5
FNH:0
FNDA:0,addComment
FNDA:0,updateComment
FNDA:0,deleteComment
FNDA:0,listComments
FNDA:0,(anonymous_4)
DA:13,0
DA:14,0
DA:16,0
DA:18,0
DA:19,0
DA:21,0
DA:29,0
DA:37,0
DA:45,0
DA:46,0
DA:49,0
DA:50,0
DA:53,0
DA:54,0
DA:55,0
DA:57,0
DA:65,0
DA:69,0
DA:70,0
DA:72,0
DA:73,0
DA:76,0
DA:78,0
DA:88,0
DA:90,0
DA:92,0
DA:95,0
LF:27
LH:0
BRDA:11,0,0,0
BRDA:14,1,0,0
BRDA:14,1,1,0
BRDA:46,2,0,0
BRDA:46,2,1,0
BRDA:49,3,0,0
BRDA:49,3,1,0
BRDA:49,4,0,0
BRDA:49,4,1,0
BRDA:70,5,0,0
BRDA:70,5,1,0
BRDA:72,6,0,0
BRDA:72,6,1,0
BRDA:72,7,0,0
BRDA:72,7,1,0
BRDA:90,8,0,0
BRDA:90,8,1,0
BRDA:92,9,0,0
BRDA:92,9,1,0
BRF:19
BRH:0
end_of_record
TN:
SF:src\modules\evidence\evidence-scoring.service.ts
FN:1,calculateEvidenceScore
FNF:1
FNH:0
FNDA:0,calculateEvidenceScore
DA:2,0
LF:1
LH:0
BRF:0
BRH:0
end_of_record
TN:
SF:src\modules\evidence\evidence.controller.ts
FN:35,requireAuthenticatedUser
FN:47,createEvidenceController
FN:77,listEvidenceController
FN:98,getEvidenceController
FN:119,updateEvidenceController
FN:149,deleteEvidenceController
FNF:6
FNH:0
FNDA:0,requireAuthenticatedUser
FNDA:0,createEvidenceController
FNDA:0,listEvidenceController
FNDA:0,getEvidenceController
FNDA:0,updateEvidenceController
FNDA:0,deleteEvidenceController
DA:36,0
DA:37,0
DA:40,0
DA:54,0
DA:55,0
DA:56,0
DA:58,0
DA:61,0
DA:62,0
DA:64,0
DA:67,0
DA:83,0
DA:84,0
DA:86,0
DA:88,0
DA:104,0
DA:105,0
DA:107,0
DA:109,0
DA:126,0
DA:127,0
DA:128,0
DA:130,0
DA:133,0
DA:134,0
DA:136,0
DA:139,0
DA:155,0
DA:156,0
DA:158,0
DA:161,0
DA:162,0
DA:164,0
DA:167,0
LF:34
LH:0
BRDA:36,0,0,0
BRDA:36,0,1,0
BRF:2
BRH:0
end_of_record
TN:
SF:src\modules\evidence\evidence.repository.ts
FN:39,createEvidence
FN:60,findById
FN:71,findByClaimId
FN:83,updateEvidence
FN:95,deleteEvidence
FN:109,countByClaimId
FNF:6
FNH:0
FNDA:0,createEvidence
FNDA:0,findById
FNDA:0,findByClaimId
FNDA:0,updateEvidence
FNDA:0,deleteEvidence
FNDA:0,countByClaimId
DA:40,0
DA:54,0
DA:61,0
DA:65,0
DA:72,0
DA:77,0
DA:84,0
DA:89,0
DA:96,0
DA:97,0
DA:100,0
DA:102,0
DA:110,0
LF:13
LH:0
BRDA:65,0,0,0
BRDA:65,0,1,0
BRF:2
BRH:0
end_of_record
TN:
SF:src\modules\evidence\evidence.routes.ts
FN:20,registerEvidenceRoutes
FNF:1
FNH:0
FNDA:0,registerEvidenceRoutes
DA:21,0
DA:26,0
DA:57,0
DA:73,0
DA:91,0
DA:120,0
DA:138,0
DA:144,0
DA:150,0
DA:156,0
DA:162,0
LF:11
LH:0
BRF:0
BRH:0
end_of_record
TN:
SF:src\modules\evidence\evidence.schema.ts
FNF:0
FNH:0
DA:3,2
LF:1
LH:1
BRF:0
BRH:0
end_of_record
TN:
SF:src\modules\evidence\evidence.service.ts
FN:13,addEvidence
FN:60,getEvidenceForClaim
FN:67,getEvidenceById
FN:80,updateEvidenceService
FN:121,deleteEvidenceService
FNF:5
FNH:0
FNDA:0,addEvidence
FNDA:0,getEvidenceForClaim
FNDA:0,getEvidenceById
FNDA:0,updateEvidenceService
FNDA:0,deleteEvidenceService
DA:20,0
DA:21,0
DA:22,0
DA:24,0
DA:27,0
DA:37,0
DA:43,0
DA:46,0
DA:54,0
DA:61,0
DA:68,0
DA:70,0
DA:71,0
DA:74,0
DA:93,0
DA:96,0
DA:97,0
DA:103,0
DA:112,0
DA:115,0
DA:126,0
DA:128,0
DA:130,0
DA:131,0
DA:133,0
LF:25
LH:0
BRDA:21,0,0,0
BRDA:21,0,1,0
BRDA:50,1,0,0
BRDA:50,1,1,0
BRDA:70,2,0,0
BRDA:70,2,1,0
BRDA:97,3,0,0
BRDA:97,3,1,0
BRDA:98,4,0,0
BRDA:98,4,1,0
BRDA:98,4,2,0
BRDA:98,4,3,0
BRDA:104,5,0,0
BRDA:104,5,1,0
BRDA:105,6,0,0
BRDA:105,6,1,0
BRDA:106,7,0,0
BRDA:106,7,1,0
BRDA:107,8,0,0
BRDA:107,8,1,0
BRDA:108,9,0,0
BRDA:108,9,1,0
BRDA:130,10,0,0
BRDA:130,10,1,0
BRDA:137,11,0,0
BRDA:137,11,1,0
BRF:26
BRH:0
end_of_record
TN:
SF:src\modules\evidence\services\evidence-duplicate.service.ts
FN:8,normalizeUrl
FN:26,checkDuplicate
FN:36,(anonymous_2)
FN:43,assertNoDuplicate
FNF:4
FNH:0
FNDA:0,normalizeUrl
FNDA:0,checkDuplicate
FNDA:0,(anonymous_2)
FNDA:0,assertNoDuplicate
DA:9,0
DA:10,0
DA:12,0
DA:13,0
DA:14,0
DA:16,0
DA:19,0
DA:27,0
DA:30,0
DA:36,0
DA:44,0
DA:46,0
DA:47,0
LF:13
LH:0
BRDA:13,0,0,0
BRDA:13,0,1,0
BRDA:46,1,0,0
BRDA:46,1,1,0
BRF:4
BRH:0
end_of_record
TN:
SF:src\modules\evidence\services\evidence-metadata.service.ts
FN:17,extractDomain
FN:30,extractMetadata
FN:66,calculateFreshnessScore
FNF:3
FNH:0
FNDA:0,extractDomain
FNDA:0,extractMetadata
FNDA:0,calculateFreshnessScore
DA:18,0
DA:19,0
DA:20,0
DA:22,0
DA:31,0
DA:34,0
DA:35,0
DA:36,0
DA:40,0
DA:41,0
DA:42,0
DA:44,0
DA:45,0
DA:47,0
DA:48,0
DA:50,0
DA:51,0
DA:52,0
DA:59,0
DA:67,0
DA:68,0
DA:71,0
DA:72,0
DA:81,0
DA:82,0
DA:83,0
DA:84,0
DA:86,0
LF:28
LH:0
BRDA:35,0,0,0
BRDA:35,0,1,0
BRDA:40,1,0,0
BRDA:40,1,1,0
BRDA:41,2,0,0
BRDA:41,2,1,0
BRDA:44,3,0,0
BRDA:44,3,1,0
BRDA:47,4,0,0
BRDA:47,4,1,0
BRDA:50,5,0,0
BRDA:50,5,1,0
BRDA:67,6,0,0
BRDA:67,6,1,0
BRDA:81,7,0,0
BRDA:81,7,1,0
BRDA:82,8,0,0
BRDA:82,8,1,0
BRDA:83,9,0,0
BRDA:83,9,1,0
BRDA:84,10,0,0
BRDA:84,10,1,0
BRF:22
BRH:0
end_of_record
TN:
SF:src\modules\evidence\services\evidence-scoring.service.ts
FN:29,calculateQualityScore
FN:87,getQualityTier
FNF:2
FNH:2
FNDA:6,calculateQualityScore
FNDA:5,getQualityTier
DA:37,6
DA:47,6
DA:48,6
DA:49,6
DA:53,6
DA:57,6
DA:61,6
DA:65,6
DA:69,6
DA:76,6
DA:78,6
DA:88,5
DA:89,4
DA:90,3
DA:91,2
DA:92,1
LF:16
LH:16
BRDA:48,0,0,6
BRDA:48,0,1,4
BRDA:53,1,0,6
BRDA:53,1,1,2
BRDA:57,2,0,6
BRDA:57,2,1,2
BRDA:61,3,0,6
BRDA:61,3,1,2
BRDA:65,4,0,1
BRDA:65,4,1,5
BRDA:88,5,0,1
BRDA:88,5,1,4
BRDA:89,6,0,1
BRDA:89,6,1,3
BRDA:90,7,0,1
BRDA:90,7,1,2
BRDA:91,8,0,1
BRDA:91,8,1,1
BRF:18
BRH:18
end_of_record
TN:
SF:src\modules\evidence\services\source-classification.service.ts
FN:56,classifySource
FN:79,getSourceCredibilityTier
FNF:2
FNH:1
FNDA:0,classifySource
FNDA:6,getSourceCredibilityTier
DA:13,3
DA:57,0
DA:58,0
DA:59,0
DA:61,0
DA:62,0
DA:63,0
DA:68,0
DA:71,0
DA:80,6
DA:89,6
LF:11
LH:3
BRDA:62,0,0,0
BRDA:62,0,1,0
BRF:2
BRH:0
end_of_record
TN:
SF:src\modules\external-sources\external-sources.service.ts
FNF:0
FNH:0
LF:0
LH:0
BRF:0
BRH:0
end_of_record
TN:
SF:src\modules\external-sources\source-http.client.ts
FNF:0
FNH:0
LF:0
LH:0
BRF:0
BRH:0
end_of_record
TN:
SF:src\modules\external-sources\source-normalizer.ts
FN:1,normalizeSource
FNF:1
FNH:0
FNDA:0,normalizeSource
DA:2,0
LF:1
LH:0
BRF:0
BRH:0
end_of_record
TN:
SF:src\modules\external-sources\auth\auth.controller.ts
FN:13,(anonymous_0)
FN:22,(anonymous_1)
FN:36,(anonymous_2)
FNF:3
FNH:0
FNDA:0,(anonymous_0)
FNDA:0,(anonymous_1)
FNDA:0,(anonymous_2)
DA:13,2
DA:17,0
DA:18,0
DA:19,0
DA:22,2
DA:26,0
DA:27,0
DA:28,0
DA:30,0
DA:36,2
DA:40,0
DA:41,0
DA:44,0
DA:45,0
LF:14
LH:3
BRDA:40,0,0,0
BRDA:40,0,1,0
BRF:2
BRH:0
end_of_record
TN:
SF:src\modules\external-sources\auth\auth.repository.ts
FN:5,createUser
FN:16,findUserByEmail
FN:24,findUserById
FNF:3
FNH:0
FNDA:0,createUser
FNDA:0,findUserByEmail
FNDA:0,findUserById
DA:11,0
DA:17,0
DA:25,0
LF:3
LH:0
BRF:0
BRH:0
end_of_record
TN:
SF:src\modules\external-sources\auth\auth.routes.ts
FN:24,wrapSuccessResponse
FN:37,(anonymous_1)
FN:53,(anonymous_2)
FN:70,(anonymous_3)
FN:77,registerAuthRoutes
FNF:5
FNH:0
FNDA:0,wrapSuccessResponse
FNDA:0,(anonymous_1)
FNDA:0,(anonymous_2)
FNDA:0,(anonymous_3)
FNDA:0,registerAuthRoutes
DA:25,0
DA:28,2
DA:41,0
DA:44,2
DA:57,0
DA:60,2
DA:74,0
DA:78,0
DA:79,0
DA:80,0
LF:10
LH:3
BRF:0
BRH:0
end_of_record
TN:
SF:src\modules\external-sources\auth\auth.schema.ts
FNF:0
FNH:0
DA:4,2
DA:6,2
DA:33,2
DA:39,2
DA:44,2
DA:69,2
DA:87,2
DA:106,2
DA:134,2
LF:9
LH:9
BRF:0
BRH:0
end_of_record
TN:
SF:src\modules\external-sources\auth\auth.service.ts
FN:21,toPublicUser
FN:31,normalizeEmail
FN:35,registerUser
FN:54,loginUser
FN:74,getCurrentUser
FNF:5
FNH:0
FNDA:0,toPublicUser
FNDA:0,normalizeEmail
FNDA:0,registerUser
FNDA:0,loginUser
FNDA:0,getCurrentUser
DA:22,0
DA:32,0
DA:36,0
DA:37,0
DA:39,0
DA:40,0
DA:43,0
DA:44,0
DA:51,0
DA:55,0
DA:56,0
DA:58,0
DA:59,0
DA:62,0
DA:64,0
DA:65,0
DA:68,0
DA:75,0
DA:77,0
DA:78,0
DA:81,0
LF:21
LH:0
BRDA:39,0,0,0
BRDA:39,0,1,0
BRDA:58,1,0,0
BRDA:58,1,1,0
BRDA:64,2,0,0
BRDA:64,2,1,0
BRDA:77,3,0,0
BRDA:77,3,1,0
BRF:8
BRH:0
end_of_record
TN:
SF:src\modules\external-sources\auth\auth.types.ts
FNF:0
FNH:0
LF:0
LH:0
BRF:0
BRH:0
end_of_record
TN:
SF:src\modules\integrations\integrations.routes.ts
FN:5,registerIntegrationRoutes
FN:16,(anonymous_1)
FN:36,(anonymous_2)
FNF:3
FNH:0
FNDA:0,registerIntegrationRoutes
FNDA:0,(anonymous_1)
FNDA:0,(anonymous_2)
DA:6,0
DA:8,0
DA:17,0
DA:18,0
DA:20,0
DA:21,0
DA:22,0
DA:25,0
DA:26,0
DA:29,0
DA:37,0
DA:39,0
LF:12
LH:0
BRDA:20,0,0,0
BRDA:20,0,1,0
BRDA:20,1,0,0
BRDA:20,1,1,0
BRDA:21,2,0,0
BRDA:21,2,1,0
BRDA:25,3,0,0
BRDA:25,3,1,0
BRDA:26,4,0,0
BRDA:26,4,1,0
BRF:10
BRH:0
end_of_record
TN:
SF:src\modules\investigations\investigations-policy.service.ts
FN:18,validateAnalystAssignment
FN:37,validateRequestMoreEvidence
FN:56,validateReadyForVerdict
FN:75,validatePublishVerdict
FN:94,validateArchive
FN:114,isAssignedAnalyst
FN:121,canViewInvestigation
FN:135,canComment
FNF:8
FNH:3
FNDA:1,validateAnalystAssignment
FNDA:0,validateRequestMoreEvidence
FNDA:1,validateReadyForVerdict
FNDA:4,validatePublishVerdict
FNDA:0,validateArchive
FNDA:0,isAssignedAnalyst
FNDA:0,canViewInvestigation
FNDA:0,canComment
DA:20,1
DA:21,0
DA:25,1
DA:26,0
DA:39,0
DA:40,0
DA:44,0
DA:45,0
DA:58,1
DA:59,0
DA:63,1
DA:64,0
DA:77,4
DA:78,2
DA:82,2
DA:83,0
DA:96,0
DA:97,0
DA:101,0
DA:102,0
DA:103,0
DA:115,0
DA:123,0
DA:126,0
DA:129,0
DA:137,0
DA:140,0
LF:27
LH:7
BRDA:20,0,0,0
BRDA:20,0,1,1
BRDA:25,1,0,0
BRDA:25,1,1,1
BRDA:39,2,0,0
BRDA:39,2,1,0
BRDA:44,3,0,0
BRDA:44,3,1,0
BRDA:58,4,0,0
BRDA:58,4,1,1
BRDA:63,5,0,0
BRDA:63,5,1,1
BRDA:77,6,0,2
BRDA:77,6,1,2
BRDA:82,7,0,0
BRDA:82,7,1,2
BRDA:96,8,0,0
BRDA:96,8,1,0
BRDA:102,9,0,0
BRDA:102,9,1,0
BRDA:123,10,0,0
BRDA:123,10,1,0
BRDA:126,11,0,0
BRDA:126,11,1,0
BRDA:137,12,0,0
BRDA:137,12,1,0
BRF:26
BRH:7
end_of_record
TN:
SF:src\modules\investigations\investigations.controller.ts
FN:17,requireAuthenticatedUser
FN:25,(anonymous_1)
FN:37,(anonymous_2)
FN:49,(anonymous_3)
FN:60,(anonymous_4)
FN:81,(anonymous_5)
FNF:6
FNH:0
FNDA:0,requireAuthenticatedUser
FNDA:0,(anonymous_1)
FNDA:0,(anonymous_2)
FNDA:0,(anonymous_3)
FNDA:0,(anonymous_4)
FNDA:0,(anonymous_5)
DA:18,0
DA:19,0
DA:22,0
DA:25,2
DA:29,0
DA:30,0
DA:31,0
DA:33,0
DA:34,0
DA:37,2
DA:41,0
DA:42,0
DA:43,0
DA:45,0
DA:46,0
DA:49,2
DA:53,0
DA:54,0
DA:56,0
DA:57,0
DA:60,2
DA:64,0
DA:65,0
DA:66,0
DA:68,0
DA:78,0
DA:81,2
DA:85,0
DA:86,0
DA:88,0
DA:89,0
LF:31
LH:5
BRDA:18,0,0,0
BRDA:18,0,1,0
BRDA:72,1,0,0
BRDA:72,1,1,0
BRDA:73,2,0,0
BRDA:73,2,1,0
BRDA:74,3,0,0
BRDA:74,3,1,0
BRF:8
BRH:0
end_of_record
TN:
SF:src\modules\investigations\investigations.repository.ts
FN:15,findInvestigationByClaim
FN:21,findInvestigationById
FN:27,createInvestigation
FN:45,updateInvestigation
FNF:4
FNH:0
FNDA:0,findInvestigationByClaim
FNDA:0,findInvestigationById
FNDA:0,createInvestigation
FNDA:0,updateInvestigation
DA:16,0
DA:22,0
DA:34,0
DA:55,0
LF:4
LH:0
BRDA:38,0,0,0
BRDA:38,0,1,0
BRF:2
BRH:0
end_of_record
TN:
SF:src\modules\investigations\investigations.routes.ts
FN:25,wrapSuccessResponse
FN:45,(anonymous_1)
FN:64,(anonymous_2)
FN:82,(anonymous_3)
FN:101,(anonymous_4)
FN:119,(anonymous_5)
FN:126,registerInvestigationRoutes
FNF:7
FNH:0
FNDA:0,wrapSuccessResponse
FNDA:0,(anonymous_1)
FNDA:0,(anonymous_2)
FNDA:0,(anonymous_3)
FNDA:0,(anonymous_4)
FNDA:0,(anonymous_5)
FNDA:0,registerInvestigationRoutes
DA:26,0
DA:29,2
DA:33,2
DA:49,0
DA:52,2
DA:68,0
DA:71,2
DA:86,0
DA:89,2
DA:105,0
DA:108,2
DA:123,0
DA:128,0
DA:129,0
DA:130,0
DA:131,0
DA:132,0
LF:17
LH:6
BRF:0
BRH:0
end_of_record
TN:
SF:src\modules\investigations\investigations.schema.ts
FNF:0
FNH:0
DA:3,2
DA:7,2
DA:11,2
DA:15,2
DA:24,2
DA:33,2
DA:42,2
DA:50,2
DA:62,2
DA:79,2
LF:10
LH:10
BRF:0
BRH:0
end_of_record
TN:
SF:src\modules\investigations\investigations.service.ts
FN:26,assignAnalystService
FN:103,requestMoreEvidenceService
FN:140,readyForVerdictService
FN:169,publishVerdictService
FN:253,archiveClaimService
FNF:5
FNH:0
FNDA:0,assignAnalystService
FNDA:0,requestMoreEvidenceService
FNDA:0,readyForVerdictService
FNDA:0,publishVerdictService
FNDA:0,archiveClaimService
DA:32,0
DA:33,0
DA:34,0
DA:38,0
DA:41,0
DA:45,0
DA:46,0
DA:49,0
DA:50,0
DA:54,0
DA:55,0
DA:56,0
DA:60,0
DA:63,0
DA:72,0
DA:73,0
DA:78,0
DA:87,0
DA:95,0
DA:109,0
DA:110,0
DA:111,0
DA:115,0
DA:118,0
DA:121,0
DA:126,0
DA:127,0
DA:128,0
DA:133,0
DA:145,0
DA:146,0
DA:147,0
DA:151,0
DA:154,0
DA:157,0
DA:161,0
DA:180,0
DA:181,0
DA:182,0
DA:186,0
DA:189,0
DA:192,0
DA:196,0
DA:205,0
DA:206,0
DA:211,0
DA:220,0
DA:229,0
DA:230,0
DA:231,0
DA:238,0
DA:246,0
DA:258,0
DA:259,0
DA:260,0
DA:264,0
DA:267,0
DA:275,0
DA:283,0
LF:59
LH:0
BRDA:33,0,0,0
BRDA:33,0,1,0
BRDA:45,1,0,0
BRDA:45,1,1,0
BRDA:49,2,0,0
BRDA:49,2,1,0
BRDA:49,3,0,0
BRDA:49,3,1,0
BRDA:49,3,2,0
BRDA:55,4,0,0
BRDA:55,4,1,0
BRDA:55,5,0,0
BRDA:55,5,1,0
BRDA:72,6,0,0
BRDA:72,6,1,0
BRDA:110,7,0,0
BRDA:110,7,1,0
BRDA:127,8,0,0
BRDA:127,8,1,0
BRDA:127,9,0,0
BRDA:127,9,1,0
BRDA:146,10,0,0
BRDA:146,10,1,0
BRDA:181,11,0,0
BRDA:181,11,1,0
BRDA:198,12,0,0
BRDA:198,12,1,0
BRDA:199,13,0,0
BRDA:199,13,1,0
BRDA:200,14,0,0
BRDA:200,14,1,0
BRDA:205,15,0,0
BRDA:205,15,1,0
BRDA:230,16,0,0
BRDA:230,16,1,0
BRDA:259,17,0,0
BRDA:259,17,1,0
BRF:37
BRH:0
end_of_record
TN:
SF:src\modules\investigations\controllers\index.ts
FNF:0
FNH:0
LF:0
LH:0
BRF:0
BRH:0
end_of_record
TN:
SF:src\modules\investigations\repositories\index.ts
FNF:0
FNH:0
LF:0
LH:0
BRF:0
BRH:0
end_of_record
TN:
SF:src\modules\investigations\routes\index.ts
FN:4,registerInvestigationRoutes
FNF:1
FNH:0
FNDA:0,registerInvestigationRoutes
LF:0
LH:0
BRF:0
BRH:0
end_of_record
TN:
SF:src\modules\investigations\schemas\index.ts
FNF:0
FNH:0
LF:0
LH:0
BRF:0
BRH:0
end_of_record
TN:
SF:src\modules\investigations\services\index.ts
FNF:0
FNH:0
LF:0
LH:0
BRF:0
BRH:0
end_of_record
TN:
SF:src\modules\investigations\types\index.ts
FNF:0
FNH:0
LF:0
LH:0
BRF:0
BRH:0
end_of_record
TN:
SF:src\modules\timeline\timeline.routes.ts
FN:5,registerTimelineRoutes
FN:6,(anonymous_1)
FNF:2
FNH:0
FNDA:0,registerTimelineRoutes
FNDA:0,(anonymous_1)
DA:6,0
DA:7,0
DA:8,0
DA:10,0
DA:15,0
DA:17,0
LF:6
LH:0
BRDA:11,0,0,0
BRDA:11,0,1,0
BRDA:12,1,0,0
BRDA:12,1,1,0
BRF:4
BRH:0
end_of_record
TN:
SF:src\modules\timeline\services\timeline.service.ts
FN:7,getClaimTimeline
FN:77,(anonymous_1)
FN:80,(anonymous_2)
FNF:3
FNH:0
FNDA:0,getClaimTimeline
FNDA:0,(anonymous_1)
FNDA:0,(anonymous_2)
DA:8,0
DA:9,0
DA:10,0
DA:13,0
DA:21,0
DA:29,0
DA:41,0
DA:43,0
DA:44,0
DA:53,0
DA:54,0
DA:64,0
DA:65,0
DA:77,0
DA:80,0
DA:83,0
LF:16
LH:0
BRDA:7,0,0,0
BRDA:8,1,0,0
BRDA:8,1,1,0
BRDA:9,2,0,0
BRDA:9,2,1,0
BRDA:47,3,0,0
BRDA:47,3,1,0
BRDA:69,4,0,0
BRDA:69,4,1,0
BRDA:70,5,0,0
BRDA:70,5,1,0
BRDA:71,6,0,0
BRDA:71,6,1,0
BRDA:71,6,2,0
BRDA:71,7,0,0
BRDA:71,7,1,0
BRDA:80,8,0,0
BRDA:80,8,1,0
BRF:18
BRH:0
end_of_record
TN:
SF:src\modules\users\controllers\index.ts
FNF:0
FNH:0
LF:0
LH:0
BRF:0
BRH:0
end_of_record
TN:
SF:src\modules\users\repositories\index.ts
FNF:0
FNH:0
LF:0
LH:0
BRF:0
BRH:0
end_of_record
TN:
SF:src\modules\users\routes\index.ts
FN:3,registerUserRoutes
FNF:1
FNH:0
FNDA:0,registerUserRoutes
LF:0
LH:0
BRF:0
BRH:0
end_of_record
TN:
SF:src\modules\users\schemas\index.ts
FNF:0
FNH:0
LF:0
LH:0
BRF:0
BRH:0
end_of_record
TN:
SF:src\modules\users\services\index.ts
FNF:0
FNH:0
LF:0
LH:0
BRF:0
BRH:0
end_of_record
TN:
SF:src\modules\users\types\index.ts
FNF:0
FNH:0
LF:0
LH:0
BRF:0
BRH:0
end_of_record
TN:
SF:src\modules\verdict\advanced-verdict.engine.ts
FN:69,getSourceTypeWeight
FN:78,calculateEvidenceWeight
FN:105,computeWeightedScores
FN:158,analyzeContradictions
FN:163,(anonymous_4)
FN:164,(anonymous_5)
FN:193,applyContradictionPenalty
FN:217,calculateFalsityScore
FN:268,calculateConfidenceScore
FN:300,getConfidenceBand
FN:319,buildAdvancedReasoning
FN:339,(anonymous_11)
FN:340,(anonymous_12)
FN:341,(anonymous_13)
FN:441,computeAdvancedVerdict
FNF:15
FNH:15
FNDA:7,getSourceTypeWeight
FNDA:7,calculateEvidenceWeight
FNDA:4,computeWeightedScores
FNDA:4,analyzeContradictions
FNDA:7,(anonymous_4)
FNDA:7,(anonymous_5)
FNDA:3,applyContradictionPenalty
FNDA:4,calculateFalsityScore
FNDA:3,calculateConfidenceScore
FNDA:3,getConfidenceBand
FNDA:3,buildAdvancedReasoning
FNDA:5,(anonymous_11)
FNDA:5,(anonymous_12)
FNDA:5,(anonymous_13)
FNDA:3,computeAdvancedVerdict
DA:31,4
DA:45,4
DA:51,4
DA:56,4
DA:70,7
DA:71,7
DA:80,7
DA:83,7
DA:86,7
DA:89,7
DA:92,7
DA:95,7
DA:98,7
DA:106,4
DA:107,0
DA:116,4
DA:117,4
DA:118,4
DA:119,4
DA:120,4
DA:121,4
DA:123,4
DA:124,7
DA:126,7
DA:127,7
DA:128,7
DA:129,7
DA:130,7
DA:132,7
DA:133,3
DA:134,4
DA:135,4
DA:141,4
DA:163,7
DA:164,7
DA:166,4
DA:167,4
DA:171,4
DA:172,4
DA:174,4
DA:175,4
DA:176,4
DA:177,4
DA:180,4
DA:199,3
DA:200,3
DA:221,4
DA:224,4
DA:225,0
DA:232,4
DA:235,4
DA:239,4
DA:240,1
DA:241,3
DA:242,1
DA:243,2
DA:244,1
DA:245,1
DA:246,0
DA:248,1
DA:251,4
DA:276,3
DA:277,3
DA:280,3
DA:283,3
DA:287,3
DA:292,3
DA:294,3
DA:301,3
DA:302,2
DA:303,1
DA:304,1
DA:305,0
DA:306,0
DA:308,0
DA:331,3
DA:334,3
DA:335,0
DA:339,5
DA:340,5
DA:341,5
DA:342,3
DA:345,3
DA:348,3
DA:356,3
DA:357,2
DA:358,2
DA:362,1
DA:363,1
DA:364,1
DA:369,0
DA:376,3
DA:377,1
DA:378,1
DA:382,0
DA:383,0
DA:390,3
DA:391,3
DA:392,1
DA:393,2
DA:394,0
DA:395,2
DA:396,1
DA:397,1
DA:398,0
DA:400,1
DA:402,3
DA:405,3
DA:406,3
DA:408,1
DA:409,1
DA:411,0
DA:412,0
DA:414,1
DA:415,1
DA:417,0
DA:418,0
DA:420,1
DA:421,1
DA:423,0
DA:424,0
DA:426,3
DA:428,3
DA:443,3
DA:444,3
DA:447,3
DA:454,3
DA:457,3
DA:466,3
DA:469,3
DA:470,3
DA:475,3
DA:484,3
DA:492,3
LF:134
LH:116
BRDA:70,0,0,0
BRDA:70,0,1,7
BRDA:71,1,0,7
BRDA:71,1,1,0
BRDA:106,2,0,0
BRDA:106,2,1,4
BRDA:126,3,0,7
BRDA:126,3,1,0
BRDA:132,4,0,3
BRDA:132,4,1,4
BRDA:134,5,0,4
BRDA:134,5,1,0
BRDA:144,6,0,4
BRDA:144,6,1,0
BRDA:145,7,0,4
BRDA:145,7,1,0
BRDA:174,8,0,4
BRDA:174,8,1,0
BRDA:177,9,0,4
BRDA:177,9,1,0
BRDA:224,10,0,0
BRDA:224,10,1,4
BRDA:239,11,0,1
BRDA:239,11,1,3
BRDA:241,12,0,1
BRDA:241,12,1,2
BRDA:243,13,0,1
BRDA:243,13,1,1
BRDA:245,14,0,0
BRDA:245,14,1,1
BRDA:301,15,0,2
BRDA:301,15,1,1
BRDA:303,16,0,1
BRDA:303,16,1,0
BRDA:305,17,0,0
BRDA:305,17,1,0
BRDA:334,18,0,0
BRDA:334,18,1,3
BRDA:349,19,0,2
BRDA:349,19,1,1
BRDA:351,20,0,0
BRDA:351,20,1,3
BRDA:356,21,0,2
BRDA:356,21,1,1
BRDA:362,22,0,1
BRDA:362,22,1,0
BRDA:376,23,0,1
BRDA:376,23,1,2
BRDA:376,24,0,3
BRDA:376,24,1,2
BRDA:377,25,0,1
BRDA:377,25,1,0
BRDA:382,26,0,0
BRDA:382,26,1,0
BRDA:391,27,0,1
BRDA:391,27,1,2
BRDA:393,28,0,0
BRDA:393,28,1,2
BRDA:395,29,0,1
BRDA:395,29,1,1
BRDA:397,30,0,0
BRDA:397,30,1,1
BRDA:406,31,0,1
BRDA:406,31,1,0
BRDA:406,31,2,1
BRDA:406,31,3,0
BRDA:406,31,4,1
BRDA:406,31,5,0
BRDA:470,32,0,3
BRDA:470,32,1,0
BRF:70
BRH:44
end_of_record
TN:
SF:src\modules\verdict\verdict.controller.ts
FN:32,(anonymous_0)
FN:54,(anonymous_1)
FN:76,(anonymous_2)
FN:100,(anonymous_3)
FN:126,(anonymous_4)
FN:152,(anonymous_5)
FNF:6
FNH:0
FNDA:0,(anonymous_0)
FNDA:0,(anonymous_1)
FNDA:0,(anonymous_2)
FNDA:0,(anonymous_3)
FNDA:0,(anonymous_4)
FNDA:0,(anonymous_5)
DA:32,2
DA:36,0
DA:37,0
DA:38,0
DA:40,0
DA:41,0
DA:43,0
DA:44,0
DA:46,0
DA:54,2
DA:58,0
DA:59,0
DA:60,0
DA:62,0
DA:63,0
DA:65,0
DA:66,0
DA:68,0
DA:76,2
DA:80,0
DA:81,0
DA:82,0
DA:83,0
DA:84,0
DA:86,0
DA:87,0
DA:89,0
DA:90,0
DA:92,0
DA:100,2
DA:104,0
DA:105,0
DA:106,0
DA:108,0
DA:109,0
DA:112,0
DA:113,0
DA:115,0
DA:116,0
DA:118,0
DA:126,2
DA:130,0
DA:131,0
DA:132,0
DA:134,0
DA:135,0
DA:138,0
DA:139,0
DA:141,0
DA:142,0
DA:144,0
DA:152,2
DA:156,0
DA:157,0
DA:158,0
DA:160,0
DA:161,0
DA:163,0
LF:58
LH:6
BRDA:43,0,0,0
BRDA:43,0,1,0
BRDA:65,1,0,0
BRDA:65,1,1,0
BRDA:84,2,0,0
BRDA:84,2,1,0
BRDA:89,3,0,0
BRDA:89,3,1,0
BRDA:108,4,0,0
BRDA:108,4,1,0
BRDA:115,5,0,0
BRDA:115,5,1,0
BRDA:134,6,0,0
BRDA:134,6,1,0
BRDA:141,7,0,0
BRDA:141,7,1,0
BRDA:160,8,0,0
BRDA:160,8,1,0
BRF:18
BRH:0
end_of_record
TN:
SF:src\modules\verdict\verdict.engine.ts
FN:11,computeScores
FN:42,computeFinalVerdict
FN:92,buildReasoning
FN:180,computeVerdict
FN:193,(anonymous_4)
FNF:5
FNH:0
FNDA:0,computeScores
FNDA:0,computeFinalVerdict
FNDA:0,buildReasoning
FNDA:0,computeVerdict
FNDA:0,(anonymous_4)
DA:9,0
DA:15,0
DA:16,0
DA:18,0
DA:20,0
DA:26,0
DA:27,0
DA:28,0
DA:31,0
DA:32,0
DA:36,0
DA:43,0
DA:44,0
DA:45,0
DA:48,0
DA:49,0
DA:59,0
DA:60,0
DA:70,0
DA:71,0
DA:81,0
DA:96,0
DA:99,0
DA:100,0
DA:104,0
DA:105,0
DA:106,0
DA:108,0
DA:109,0
DA:110,0
DA:111,0
DA:114,0
DA:117,0
DA:118,0
DA:122,0
DA:129,0
DA:131,0
DA:132,0
DA:134,0
DA:135,0
DA:138,0
DA:143,0
DA:145,0
DA:146,0
DA:151,0
DA:153,0
DA:155,0
DA:156,0
DA:158,0
DA:159,0
DA:161,0
DA:166,0
DA:182,0
DA:185,0
DA:189,0
DA:192,0
DA:193,0
DA:196,0
DA:197,0
DA:202,0
DA:212,0
LF:61
LH:0
BRDA:26,0,0,0
BRDA:26,0,1,0
BRDA:31,1,0,0
BRDA:31,1,1,0
BRDA:48,2,0,0
BRDA:48,2,1,0
BRDA:59,3,0,0
BRDA:59,3,1,0
BRDA:70,4,0,0
BRDA:70,4,1,0
BRDA:99,5,0,0
BRDA:99,5,1,0
BRDA:109,6,0,0
BRDA:109,6,1,0
BRDA:110,7,0,0
BRDA:110,7,1,0
BRDA:117,8,0,0
BRDA:117,8,1,0
BRDA:117,9,0,0
BRDA:117,9,1,0
BRDA:123,10,0,0
BRDA:123,10,1,0
BRDA:125,11,0,0
BRDA:125,11,1,0
BRDA:131,12,0,0
BRDA:131,12,1,0
BRDA:134,13,0,0
BRDA:134,13,1,0
BRDA:145,14,0,0
BRDA:145,14,1,0
BRDA:145,15,0,0
BRDA:145,15,1,0
BRDA:153,16,0,0
BRDA:153,16,1,0
BRDA:153,16,2,0
BRDA:192,17,0,0
BRDA:192,17,1,0
BRDA:197,18,0,0
BRDA:197,18,1,0
BRDA:198,19,0,0
BRDA:198,19,1,0
BRF:41
BRH:0
end_of_record
TN:
SF:src\modules\verdict\verdict.repository.ts
FN:20,upsertVerdict
FN:63,getVerdictByClaimId
FN:74,getVerdictsByClaimIds
FN:87,getVerdictById
FN:98,approveVerdict
FN:115,rejectVerdict
FN:133,createVerdictHistory
FN:174,getVerdictHistory
FN:186,getClaimVerdictHistory
FN:201,deleteVerdictHistory
FN:214,getApprovedVerdicts
FN:227,getVerdictsByType
FN:243,getVerdictsByConfidenceBand
FN:259,getVerdictsByFalsityRange
FN:281,getPendingVerdicts
FNF:15
FNH:0
FNDA:0,upsertVerdict
FNDA:0,getVerdictByClaimId
FNDA:0,getVerdictsByClaimIds
FNDA:0,getVerdictById
FNDA:0,approveVerdict
FNDA:0,rejectVerdict
FNDA:0,createVerdictHistory
FNDA:0,getVerdictHistory
FNDA:0,getClaimVerdictHistory
FNDA:0,deleteVerdictHistory
FNDA:0,getApprovedVerdicts
FNDA:0,getVerdictsByType
FNDA:0,getVerdictsByConfidenceBand
FNDA:0,getVerdictsByFalsityRange
FNDA:0,getPendingVerdicts
DA:25,0
DA:29,0
DA:32,0
DA:33,0
DA:34,0
DA:50,0
DA:56,0
DA:64,0
DA:68,0
DA:75,0
DA:81,0
DA:88,0
DA:92,0
DA:102,0
DA:116,0
DA:147,0
DA:148,0
DA:149,0
DA:164,0
DA:168,0
DA:175,0
DA:176,0
DA:177,0
DA:180,0
DA:190,0
DA:191,0
DA:192,0
DA:195,0
DA:202,0
DA:203,0
DA:215,0
DA:221,0
DA:231,0
DA:237,0
DA:247,0
DA:253,0
DA:264,0
DA:275,0
DA:282,0
DA:288,0
LF:40
LH:0
BRDA:29,0,0,0
BRDA:29,0,1,0
BRDA:32,1,0,0
BRDA:32,1,1,0
BRDA:35,2,0,0
BRDA:35,2,1,0
BRDA:36,3,0,0
BRDA:36,3,1,0
BRDA:37,4,0,0
BRDA:37,4,1,0
BRDA:38,5,0,0
BRDA:38,5,1,0
BRDA:38,5,2,0
BRDA:39,6,0,0
BRDA:39,6,1,0
BRDA:40,7,0,0
BRDA:40,7,1,0
BRDA:41,8,0,0
BRDA:41,8,1,0
BRDA:42,9,0,0
BRDA:42,9,1,0
BRDA:147,10,0,0
BRDA:147,10,1,0
BRDA:175,11,0,0
BRDA:175,11,1,0
BRDA:188,12,0,0
BRDA:190,13,0,0
BRDA:190,13,1,0
BRDA:202,14,0,0
BRDA:202,14,1,0
BRDA:214,15,0,0
BRDA:229,16,0,0
BRDA:245,17,0,0
BRDA:262,18,0,0
BRDA:281,19,0,0
BRF:35
BRH:0
end_of_record
TN:
SF:src\modules\verdict\verdict.routes.ts
FN:26,registerVerdictRoutes
FN:97,registerVerdictModerationRoutes
FNF:2
FNH:0
FNDA:0,registerVerdictRoutes
FNDA:0,registerVerdictModerationRoutes
DA:27,0
DA:36,0
DA:54,0
DA:72,0
DA:98,0
DA:107,0
DA:125,0
DA:143,0
LF:8
LH:0
BRF:0
BRH:0
end_of_record
TN:
SF:src\modules\verdict\verdict.service.ts
FN:18,computeAndPersistVerdict
FN:23,(anonymous_1)
FN:46,getVerdictService
FN:72,recomputeVerdictService
FN:93,getVerdictHistoryService
FN:100,approveVerdictService
FN:107,rejectVerdictService
FN:114,getVerdictStatsService
FNF:8
FNH:0
FNDA:0,computeAndPersistVerdict
FNDA:0,(anonymous_1)
FNDA:0,getVerdictService
FNDA:0,recomputeVerdictService
FNDA:0,getVerdictHistoryService
FNDA:0,approveVerdictService
FNDA:0,rejectVerdictService
FNDA:0,getVerdictStatsService
DA:20,0
DA:23,0
DA:33,0
DA:36,0
DA:37,0
DA:39,0
DA:47,0
DA:49,0
DA:51,0
DA:54,0
DA:73,0
DA:75,0
DA:76,0
DA:87,0
DA:94,0
DA:101,0
DA:108,0
DA:115,0
DA:116,0
DA:118,0
DA:138,0
DA:140,0
DA:141,0
DA:142,0
DA:143,0
DA:146,0
DA:147,0
DA:150,0
LF:28
LH:0
BRDA:49,0,0,0
BRDA:49,0,1,0
BRDA:55,1,0,0
BRDA:55,1,1,0
BRDA:56,2,0,0
BRDA:56,2,1,0
BRDA:57,3,0,0
BRDA:57,3,1,0
BRDA:58,4,0,0
BRDA:58,4,1,0
BRDA:59,5,0,0
BRDA:59,5,1,0
BRDA:59,5,2,0
BRDA:60,6,0,0
BRDA:60,6,1,0
BRDA:61,7,0,0
BRDA:61,7,1,0
BRDA:62,8,0,0
BRDA:62,8,1,0
BRDA:63,9,0,0
BRDA:63,9,1,0
BRDA:93,10,0,0
BRDA:146,11,0,0
BRDA:146,11,1,0
BRF:24
BRH:0
end_of_record
TN:
SF:src\modules\verdict\verdict.types.ts
FNF:0
FNH:0
LF:0
LH:0
BRF:0
BRH:0
end_of_record
TN:
SF:src\modules\verdicts\controllers\index.ts
FNF:0
FNH:0
LF:0
LH:0
BRF:0
BRH:0
end_of_record
TN:
SF:src\modules\verdicts\repositories\index.ts
FNF:0
FNH:0
LF:0
LH:0
BRF:0
BRH:0
end_of_record
TN:
SF:src\modules\verdicts\routes\index.ts
FN:3,registerVerdictRoutes
FNF:1
FNH:0
FNDA:0,registerVerdictRoutes
LF:0
LH:0
BRF:0
BRH:0
end_of_record
TN:
SF:src\modules\verdicts\schemas\index.ts
FNF:0
FNH:0
LF:0
LH:0
BRF:0
BRH:0
end_of_record
TN:
SF:src\modules\verdicts\services\index.ts
FNF:0
FNH:0
LF:0
LH:0
BRF:0
BRH:0
end_of_record
TN:
SF:src\modules\verdicts\types\index.ts
FNF:0
FNH:0
LF:0
LH:0
BRF:0
BRH:0
end_of_record
